c:\users\kurdi\source\repos\json_lab\json_lab\x64\debug\vc143.pdb
c:\users\kurdi\source\repos\json_lab\json_lab\x64\debug\vc143.idb
c:\users\kurdi\source\repos\json_lab\json_lab\x64\debug\value.obj
c:\users\kurdi\source\repos\json_lab\json_lab\x64\debug\json.obj
c:\users\kurdi\source\repos\json_lab\json_lab\x64\debug\main.obj
c:\users\kurdi\desktop\json_lab\json_lab\x64\debug\json.obj
c:\users\kurdi\desktop\json_lab\json_lab\x64\debug\main.obj
c:\users\kurdi\desktop\json_lab\json_lab\x64\debug\value.obj
c:\users\kurdi\desktop\json_lab\json_lab\x64\debug\vc143.idb
c:\users\kurdi\desktop\json_lab\json_lab\x64\debug\vc143.pdb
c:\users\kurdi\desktop\json_lab\x64\debug\json_lab.pdb
c:\users\kurdi\desktop\json_lab\json_lab\x64\debug\json_lab.tlog\cl.command.1.tlog
c:\users\kurdi\desktop\json_lab\json_lab\x64\debug\json_lab.tlog\cl.read.1.tlog
c:\users\kurdi\desktop\json_lab\json_lab\x64\debug\json_lab.tlog\cl.write.1.tlog
c:\users\kurdi\desktop\json_lab\json_lab\x64\debug\json_lab.tlog\link-cvtres.read.1.tlog
c:\users\kurdi\desktop\json_lab\json_lab\x64\debug\json_lab.tlog\link-cvtres.write.1.tlog
c:\users\kurdi\desktop\json_lab\json_lab\x64\debug\json_lab.tlog\link-rc.read.1.tlog
c:\users\kurdi\desktop\json_lab\json_lab\x64\debug\json_lab.tlog\link-rc.write.1.tlog
c:\users\kurdi\desktop\json_lab\json_lab\x64\debug\json_lab.tlog\link.command.1.tlog
c:\users\kurdi\desktop\json_lab\json_lab\x64\debug\json_lab.tlog\link.read.1.tlog
c:\users\kurdi\desktop\json_lab\json_lab\x64\debug\json_lab.tlog\link.read.2.tlog
c:\users\kurdi\desktop\json_lab\json_lab\x64\debug\json_lab.tlog\link.write.1.tlog
